2018-01-17 07:54:48,672 [Worker-12] INFO  org.eclipse.jetty.util.log - Logging initialized @1080890ms
2018-01-17 07:54:48,806 [Worker-12] INFO  org.eclipse.jetty.server.Server - jetty-9.2.13.v20150730
2018-01-17 07:54:48,878 [Worker-12] INFO  o.e.jetty.server.ServerConnector - Started ServerConnector@5938c047{HTTP/1.1}{0.0.0.0:60038}
2018-01-17 07:54:48,879 [Worker-12] INFO  org.eclipse.jetty.server.Server - Started @1081139ms
2018-01-18 09:56:07,940 [Worker-25] INFO  org.eclipse.jetty.util.log - Logging initialized @603436ms
2018-01-18 09:56:08,011 [Worker-25] INFO  org.eclipse.jetty.server.Server - jetty-9.2.13.v20150730
2018-01-18 09:56:08,093 [Worker-25] INFO  o.e.jetty.server.ServerConnector - Started ServerConnector@7d52f68d{HTTP/1.1}{0.0.0.0:62119}
2018-01-18 09:56:08,105 [Worker-25] INFO  org.eclipse.jetty.server.Server - Started @603605ms
2018-01-23 12:24:48,275 [Worker-37] INFO  org.eclipse.jetty.util.log - Logging initialized @2792040ms
2018-01-23 12:24:48,793 [Worker-37] INFO  org.eclipse.jetty.server.Server - jetty-9.2.13.v20150730
2018-01-23 12:24:48,880 [Worker-37] INFO  o.e.jetty.server.ServerConnector - Started ServerConnector@cea1b76{HTTP/1.1}{0.0.0.0:60583}
2018-01-23 12:24:48,880 [Worker-37] INFO  org.eclipse.jetty.server.Server - Started @2793236ms
2018-01-23 13:09:27,915 [main] ERROR o.e.m.w.i.WTPResourcesContentProvider - Error getting pipelined children
org.eclipse.core.internal.resources.ResourceException: Resource '/App01' does not exist.
	at org.eclipse.core.internal.resources.Resource.checkExists(Resource.java:334) ~[na:na]
	at org.eclipse.core.internal.resources.Resource.checkAccessible(Resource.java:208) ~[na:na]
	at org.eclipse.core.internal.resources.Project.checkAccessible(Project.java:140) ~[na:na]
	at org.eclipse.core.internal.resources.Project.hasNature(Project.java:526) ~[na:na]
	at org.eclipse.m2e.wtp.internal.WTPResourcesContentProvider.getPipelinedChildren(WTPResourcesContentProvider.java:74) ~[na:na]
	at org.eclipse.ui.internal.navigator.extensions.SafeDelegateTreeContentProvider.getPipelinedChildren(SafeDelegateTreeContentProvider.java:172) [org.eclipse.ui.navigator_3.6.0.v20150422-0725.jar:na]
	at org.eclipse.ui.internal.navigator.NavigatorContentServiceContentProvider.pipelineChildren(NavigatorContentServiceContentProvider.java:212) [org.eclipse.ui.navigator_3.6.0.v20150422-0725.jar:na]
	at org.eclipse.ui.internal.navigator.NavigatorContentServiceContentProvider.access$1(NavigatorContentServiceContentProvider.java:198) [org.eclipse.ui.navigator_3.6.0.v20150422-0725.jar:na]
	at org.eclipse.ui.internal.navigator.NavigatorContentServiceContentProvider$1.run(NavigatorContentServiceContentProvider.java:166) [org.eclipse.ui.navigator_3.6.0.v20150422-0725.jar:na]
	at org.eclipse.core.runtime.SafeRunner.run(SafeRunner.java:42) [org.eclipse.equinox.common_3.7.0.v20150402-1709.jar:na]
	at org.eclipse.ui.internal.navigator.NavigatorContentServiceContentProvider.internalGetChildren(NavigatorContentServiceContentProvider.java:143) [org.eclipse.ui.navigator_3.6.0.v20150422-0725.jar:na]
	at org.eclipse.ui.internal.navigator.NavigatorContentServiceContentProvider.getChildren(NavigatorContentServiceContentProvider.java:129) [org.eclipse.ui.navigator_3.6.0.v20150422-0725.jar:na]
	at org.eclipse.jface.viewers.AbstractTreeViewer.getRawChildren(AbstractTreeViewer.java:1365) [org.eclipse.jface_3.11.0.v20150602-1400.jar:na]
	at org.eclipse.jface.viewers.TreeViewer.getRawChildren(TreeViewer.java:353) [org.eclipse.jface_3.11.0.v20150602-1400.jar:na]
	at org.eclipse.jface.viewers.StructuredViewer.getFilteredChildren(StructuredViewer.java:906) [org.eclipse.jface_3.11.0.v20150602-1400.jar:na]
	at org.eclipse.jface.viewers.AbstractTreeViewer.getSortedChildren(AbstractTreeViewer.java:617) [org.eclipse.jface_3.11.0.v20150602-1400.jar:na]
	at org.eclipse.jface.viewers.AbstractTreeViewer$1.run(AbstractTreeViewer.java:813) [org.eclipse.jface_3.11.0.v20150602-1400.jar:na]
	at org.eclipse.swt.custom.BusyIndicator.showWhile(BusyIndicator.java:70) [org.eclipse.swt.win32.win32.x86_64_3.104.1.v20150825-0743.jar:na]
	at org.eclipse.jface.viewers.AbstractTreeViewer.createChildren(AbstractTreeViewer.java:791) [org.eclipse.jface_3.11.0.v20150602-1400.jar:na]
	at org.eclipse.jface.viewers.TreeViewer.createChildren(TreeViewer.java:611) [org.eclipse.jface_3.11.0.v20150602-1400.jar:na]
	at org.eclipse.jface.viewers.AbstractTreeViewer.createChildren(AbstractTreeViewer.java:762) [org.eclipse.jface_3.11.0.v20150602-1400.jar:na]
	at org.eclipse.jface.viewers.AbstractTreeViewer.setExpandedState(AbstractTreeViewer.java:2500) [org.eclipse.jface_3.11.0.v20150602-1400.jar:na]
	at org.eclipse.wst.jsdt.internal.ui.navigator.OpenAndExpand.expand(OpenAndExpand.java:260) [org.eclipse.wst.jsdt.ui_1.1.601.v201512010225.jar:na]
	at org.eclipse.wst.jsdt.internal.ui.navigator.OpenAndExpand.run(OpenAndExpand.java:46) [org.eclipse.wst.jsdt.ui_1.1.601.v201512010225.jar:na]
	at org.eclipse.ui.actions.RetargetAction.run(RetargetAction.java:229) [org.eclipse.ui.workbench_3.107.0.v20150825-2206.jar:na]
	at org.eclipse.ui.navigator.CommonNavigatorManager$2.open(CommonNavigatorManager.java:191) [org.eclipse.ui.navigator_3.6.0.v20150422-0725.jar:na]
	at org.eclipse.ui.OpenAndLinkWithEditorHelper$InternalListener.open(OpenAndLinkWithEditorHelper.java:48) [org.eclipse.ui.workbench_3.107.0.v20150825-2206.jar:na]
	at org.eclipse.jface.viewers.StructuredViewer$2.run(StructuredViewer.java:854) [org.eclipse.jface_3.11.0.v20150602-1400.jar:na]
	at org.eclipse.core.runtime.SafeRunner.run(SafeRunner.java:42) [org.eclipse.equinox.common_3.7.0.v20150402-1709.jar:na]
	at org.eclipse.ui.internal.JFaceUtil$1.run(JFaceUtil.java:50) [org.eclipse.ui.workbench_3.107.0.v20150825-2206.jar:na]
	at org.eclipse.jface.util.SafeRunnable.run(SafeRunnable.java:173) [org.eclipse.jface_3.11.0.v20150602-1400.jar:na]
	at org.eclipse.jface.viewers.StructuredViewer.fireOpen(StructuredViewer.java:851) [org.eclipse.jface_3.11.0.v20150602-1400.jar:na]
	at org.eclipse.jface.viewers.StructuredViewer.handleOpen(StructuredViewer.java:1168) [org.eclipse.jface_3.11.0.v20150602-1400.jar:na]
	at org.eclipse.ui.navigator.CommonViewer.handleOpen(CommonViewer.java:449) [org.eclipse.ui.navigator_3.6.0.v20150422-0725.jar:na]
	at org.eclipse.jface.viewers.StructuredViewer$6.handleOpen(StructuredViewer.java:1275) [org.eclipse.jface_3.11.0.v20150602-1400.jar:na]
	at org.eclipse.jface.util.OpenStrategy.fireOpenEvent(OpenStrategy.java:278) [org.eclipse.jface_3.11.0.v20150602-1400.jar:na]
	at org.eclipse.jface.util.OpenStrategy.access$2(OpenStrategy.java:272) [org.eclipse.jface_3.11.0.v20150602-1400.jar:na]
	at org.eclipse.jface.util.OpenStrategy$1.handleEvent(OpenStrategy.java:313) [org.eclipse.jface_3.11.0.v20150602-1400.jar:na]
	at org.eclipse.swt.widgets.EventTable.sendEvent(EventTable.java:84) [org.eclipse.swt.win32.win32.x86_64_3.104.1.v20150825-0743.jar:na]
	at org.eclipse.swt.widgets.Display.sendEvent(Display.java:4362) [org.eclipse.swt.win32.win32.x86_64_3.104.1.v20150825-0743.jar:na]
	at org.eclipse.swt.widgets.Widget.sendEvent(Widget.java:1113) [org.eclipse.swt.win32.win32.x86_64_3.104.1.v20150825-0743.jar:na]
	at org.eclipse.swt.widgets.Display.runDeferredEvents(Display.java:4180) [org.eclipse.swt.win32.win32.x86_64_3.104.1.v20150825-0743.jar:na]
	at org.eclipse.swt.widgets.Display.readAndDispatch(Display.java:3769) [org.eclipse.swt.win32.win32.x86_64_3.104.1.v20150825-0743.jar:na]
	at org.eclipse.e4.ui.internal.workbench.swt.PartRenderingEngine$4.run(PartRenderingEngine.java:1127) [org.eclipse.e4.ui.workbench.swt_0.13.0.v20150504-0621.jar:na]
	at org.eclipse.core.databinding.observable.Realm.runWithDefault(Realm.java:337) [org.eclipse.core.databinding.observable_1.5.0.v20150422-0725.jar:na]
	at org.eclipse.e4.ui.internal.workbench.swt.PartRenderingEngine.run(PartRenderingEngine.java:1018) [org.eclipse.e4.ui.workbench.swt_0.13.0.v20150504-0621.jar:na]
	at org.eclipse.e4.ui.internal.workbench.E4Workbench.createAndRunUI(E4Workbench.java:156) [org.eclipse.e4.ui.workbench_1.3.0.v20150531-1948.jar:na]
	at org.eclipse.ui.internal.Workbench$5.run(Workbench.java:654) [org.eclipse.ui.workbench_3.107.0.v20150825-2206.jar:na]
	at org.eclipse.core.databinding.observable.Realm.runWithDefault(Realm.java:337) [org.eclipse.core.databinding.observable_1.5.0.v20150422-0725.jar:na]
	at org.eclipse.ui.internal.Workbench.createAndRunWorkbench(Workbench.java:598) [org.eclipse.ui.workbench_3.107.0.v20150825-2206.jar:na]
	at org.eclipse.ui.PlatformUI.createAndRunWorkbench(PlatformUI.java:150) [org.eclipse.ui.workbench_3.107.0.v20150825-2206.jar:na]
	at org.eclipse.ui.internal.ide.application.IDEApplication.start(IDEApplication.java:139) [org.eclipse.ui.ide.application_1.1.0.v20150422-0725.jar:na]
	at org.eclipse.equinox.internal.app.EclipseAppHandle.run(EclipseAppHandle.java:196) [org.eclipse.equinox.app_1.3.300.v20150423-1356.jar:na]
	at org.eclipse.core.runtime.internal.adaptor.EclipseAppLauncher.runApplication(EclipseAppLauncher.java:134) [org.eclipse.osgi_3.10.101.v20150820-1432.jar:na]
	at org.eclipse.core.runtime.internal.adaptor.EclipseAppLauncher.start(EclipseAppLauncher.java:104) [org.eclipse.osgi_3.10.101.v20150820-1432.jar:na]
	at org.eclipse.core.runtime.adaptor.EclipseStarter.run(EclipseStarter.java:380) [org.eclipse.osgi_3.10.101.v20150820-1432.jar:na]
	at org.eclipse.core.runtime.adaptor.EclipseStarter.run(EclipseStarter.java:235) [org.eclipse.osgi_3.10.101.v20150820-1432.jar:na]
	at sun.reflect.NativeMethodAccessorImpl.invoke0(Native Method) ~[na:1.8.0_161]
	at sun.reflect.NativeMethodAccessorImpl.invoke(Unknown Source) ~[na:1.8.0_161]
	at sun.reflect.DelegatingMethodAccessorImpl.invoke(Unknown Source) ~[na:1.8.0_161]
	at java.lang.reflect.Method.invoke(Unknown Source) ~[na:1.8.0_161]
	at org.eclipse.equinox.launcher.Main.invokeFramework(Main.java:669) [org.eclipse.equinox.launcher_1.3.100.v20150511-1540.jar:na]
	at org.eclipse.equinox.launcher.Main.basicRun(Main.java:608) [org.eclipse.equinox.launcher_1.3.100.v20150511-1540.jar:na]
	at org.eclipse.equinox.launcher.Main.run(Main.java:1515) [org.eclipse.equinox.launcher_1.3.100.v20150511-1540.jar:na]
2018-02-13 07:44:58,150 [Worker-3] INFO  org.eclipse.jetty.util.log - Logging initialized @138777ms
2018-02-13 07:44:58,744 [Worker-3] INFO  org.eclipse.jetty.server.Server - jetty-9.2.13.v20150730
2018-02-13 07:44:58,806 [Worker-3] INFO  o.e.j.server.handler.ContextHandler - Started o.e.j.s.ServletContextHandler@1f089142{/requests,null,AVAILABLE}
2018-02-13 07:44:59,466 [Worker-3] INFO  o.e.jetty.server.ServerConnector - Started ServerConnector@2281eb26{HTTP/1.1}{0.0.0.0:9988}
2018-02-13 07:44:59,466 [Worker-3] INFO  org.eclipse.jetty.server.Server - Started @140121ms
2018-02-13 07:45:01,477 [Worker-3] INFO  o.e.j.server.handler.ContextHandler - Started o.e.j.s.h.ContextHandler@2c8dcaaf{/dojoLib,file:/E:/EMADWorklight/dojoLib/toolkit/dojo/,AVAILABLE}
2018-02-13 07:51:50,008 [Worker-22] INFO  org.eclipse.jetty.server.Server - jetty-9.2.13.v20150730
2018-02-13 07:51:50,023 [Worker-22] INFO  o.e.jetty.server.ServerConnector - Started ServerConnector@6760f8bc{HTTP/1.1}{0.0.0.0:50717}
2018-02-13 07:51:50,024 [Worker-22] INFO  org.eclipse.jetty.server.Server - Started @550679ms
2018-02-13 10:40:52,151 [main] ERROR o.e.m.w.i.WTPResourcesContentProvider - Error getting pipelined children
org.eclipse.core.internal.resources.ResourceException: Resource '/dojoLib' does not exist.
	at org.eclipse.core.internal.resources.Resource.checkExists(Resource.java:334) ~[na:na]
	at org.eclipse.core.internal.resources.Resource.checkAccessible(Resource.java:208) ~[na:na]
	at org.eclipse.core.internal.resources.Project.checkAccessible(Project.java:140) ~[na:na]
	at org.eclipse.core.internal.resources.Project.hasNature(Project.java:526) ~[na:na]
	at org.eclipse.m2e.wtp.internal.WTPResourcesContentProvider.getPipelinedChildren(WTPResourcesContentProvider.java:74) ~[na:na]
	at org.eclipse.ui.internal.navigator.extensions.SafeDelegateTreeContentProvider.getPipelinedChildren(SafeDelegateTreeContentProvider.java:172) [org.eclipse.ui.navigator_3.6.0.v20150422-0725.jar:na]
	at org.eclipse.ui.internal.navigator.NavigatorContentServiceContentProvider.pipelineChildren(NavigatorContentServiceContentProvider.java:212) [org.eclipse.ui.navigator_3.6.0.v20150422-0725.jar:na]
	at org.eclipse.ui.internal.navigator.NavigatorContentServiceContentProvider.access$1(NavigatorContentServiceContentProvider.java:198) [org.eclipse.ui.navigator_3.6.0.v20150422-0725.jar:na]
	at org.eclipse.ui.internal.navigator.NavigatorContentServiceContentProvider$1.run(NavigatorContentServiceContentProvider.java:166) [org.eclipse.ui.navigator_3.6.0.v20150422-0725.jar:na]
	at org.eclipse.core.runtime.SafeRunner.run(SafeRunner.java:42) [org.eclipse.equinox.common_3.7.0.v20150402-1709.jar:na]
	at org.eclipse.ui.internal.navigator.NavigatorContentServiceContentProvider.internalGetChildren(NavigatorContentServiceContentProvider.java:143) [org.eclipse.ui.navigator_3.6.0.v20150422-0725.jar:na]
	at org.eclipse.ui.internal.navigator.NavigatorContentServiceContentProvider.getChildren(NavigatorContentServiceContentProvider.java:129) [org.eclipse.ui.navigator_3.6.0.v20150422-0725.jar:na]
	at org.eclipse.jface.viewers.AbstractTreeViewer.getRawChildren(AbstractTreeViewer.java:1365) [org.eclipse.jface_3.11.0.v20150602-1400.jar:na]
	at org.eclipse.jface.viewers.TreeViewer.getRawChildren(TreeViewer.java:353) [org.eclipse.jface_3.11.0.v20150602-1400.jar:na]
	at org.eclipse.jface.viewers.StructuredViewer.getFilteredChildren(StructuredViewer.java:906) [org.eclipse.jface_3.11.0.v20150602-1400.jar:na]
	at org.eclipse.jface.viewers.AbstractTreeViewer.getSortedChildren(AbstractTreeViewer.java:617) [org.eclipse.jface_3.11.0.v20150602-1400.jar:na]
	at org.eclipse.jface.viewers.AbstractTreeViewer$1.run(AbstractTreeViewer.java:813) [org.eclipse.jface_3.11.0.v20150602-1400.jar:na]
	at org.eclipse.swt.custom.BusyIndicator.showWhile(BusyIndicator.java:70) [org.eclipse.swt.win32.win32.x86_64_3.104.1.v20150825-0743.jar:na]
	at org.eclipse.jface.viewers.AbstractTreeViewer.createChildren(AbstractTreeViewer.java:791) [org.eclipse.jface_3.11.0.v20150602-1400.jar:na]
	at org.eclipse.jface.viewers.TreeViewer.createChildren(TreeViewer.java:611) [org.eclipse.jface_3.11.0.v20150602-1400.jar:na]
	at org.eclipse.jface.viewers.AbstractTreeViewer.createChildren(AbstractTreeViewer.java:762) [org.eclipse.jface_3.11.0.v20150602-1400.jar:na]
	at org.eclipse.jface.viewers.AbstractTreeViewer.setExpandedState(AbstractTreeViewer.java:2500) [org.eclipse.jface_3.11.0.v20150602-1400.jar:na]
	at org.eclipse.wst.jsdt.internal.ui.navigator.OpenAndExpand.expand(OpenAndExpand.java:260) [org.eclipse.wst.jsdt.ui_1.1.601.v201512010225.jar:na]
	at org.eclipse.wst.jsdt.internal.ui.navigator.OpenAndExpand.run(OpenAndExpand.java:46) [org.eclipse.wst.jsdt.ui_1.1.601.v201512010225.jar:na]
	at org.eclipse.ui.actions.RetargetAction.run(RetargetAction.java:229) [org.eclipse.ui.workbench_3.107.0.v20150825-2206.jar:na]
	at org.eclipse.ui.navigator.CommonNavigatorManager$2.open(CommonNavigatorManager.java:191) [org.eclipse.ui.navigator_3.6.0.v20150422-0725.jar:na]
	at org.eclipse.ui.OpenAndLinkWithEditorHelper$InternalListener.open(OpenAndLinkWithEditorHelper.java:48) [org.eclipse.ui.workbench_3.107.0.v20150825-2206.jar:na]
	at org.eclipse.jface.viewers.StructuredViewer$2.run(StructuredViewer.java:854) [org.eclipse.jface_3.11.0.v20150602-1400.jar:na]
	at org.eclipse.core.runtime.SafeRunner.run(SafeRunner.java:42) [org.eclipse.equinox.common_3.7.0.v20150402-1709.jar:na]
	at org.eclipse.ui.internal.JFaceUtil$1.run(JFaceUtil.java:50) [org.eclipse.ui.workbench_3.107.0.v20150825-2206.jar:na]
	at org.eclipse.jface.util.SafeRunnable.run(SafeRunnable.java:173) [org.eclipse.jface_3.11.0.v20150602-1400.jar:na]
	at org.eclipse.jface.viewers.StructuredViewer.fireOpen(StructuredViewer.java:851) [org.eclipse.jface_3.11.0.v20150602-1400.jar:na]
	at org.eclipse.jface.viewers.StructuredViewer.handleOpen(StructuredViewer.java:1168) [org.eclipse.jface_3.11.0.v20150602-1400.jar:na]
	at org.eclipse.ui.navigator.CommonViewer.handleOpen(CommonViewer.java:449) [org.eclipse.ui.navigator_3.6.0.v20150422-0725.jar:na]
	at org.eclipse.jface.viewers.StructuredViewer$6.handleOpen(StructuredViewer.java:1275) [org.eclipse.jface_3.11.0.v20150602-1400.jar:na]
	at org.eclipse.jface.util.OpenStrategy.fireOpenEvent(OpenStrategy.java:278) [org.eclipse.jface_3.11.0.v20150602-1400.jar:na]
	at org.eclipse.jface.util.OpenStrategy.access$2(OpenStrategy.java:272) [org.eclipse.jface_3.11.0.v20150602-1400.jar:na]
	at org.eclipse.jface.util.OpenStrategy$1.handleEvent(OpenStrategy.java:313) [org.eclipse.jface_3.11.0.v20150602-1400.jar:na]
	at org.eclipse.swt.widgets.EventTable.sendEvent(EventTable.java:84) [org.eclipse.swt.win32.win32.x86_64_3.104.1.v20150825-0743.jar:na]
	at org.eclipse.swt.widgets.Display.sendEvent(Display.java:4362) [org.eclipse.swt.win32.win32.x86_64_3.104.1.v20150825-0743.jar:na]
	at org.eclipse.swt.widgets.Widget.sendEvent(Widget.java:1113) [org.eclipse.swt.win32.win32.x86_64_3.104.1.v20150825-0743.jar:na]
	at org.eclipse.swt.widgets.Display.runDeferredEvents(Display.java:4180) [org.eclipse.swt.win32.win32.x86_64_3.104.1.v20150825-0743.jar:na]
	at org.eclipse.swt.widgets.Display.readAndDispatch(Display.java:3769) [org.eclipse.swt.win32.win32.x86_64_3.104.1.v20150825-0743.jar:na]
	at org.eclipse.e4.ui.internal.workbench.swt.PartRenderingEngine$4.run(PartRenderingEngine.java:1127) [org.eclipse.e4.ui.workbench.swt_0.13.0.v20150504-0621.jar:na]
	at org.eclipse.core.databinding.observable.Realm.runWithDefault(Realm.java:337) [org.eclipse.core.databinding.observable_1.5.0.v20150422-0725.jar:na]
	at org.eclipse.e4.ui.internal.workbench.swt.PartRenderingEngine.run(PartRenderingEngine.java:1018) [org.eclipse.e4.ui.workbench.swt_0.13.0.v20150504-0621.jar:na]
	at org.eclipse.e4.ui.internal.workbench.E4Workbench.createAndRunUI(E4Workbench.java:156) [org.eclipse.e4.ui.workbench_1.3.0.v20150531-1948.jar:na]
	at org.eclipse.ui.internal.Workbench$5.run(Workbench.java:654) [org.eclipse.ui.workbench_3.107.0.v20150825-2206.jar:na]
	at org.eclipse.core.databinding.observable.Realm.runWithDefault(Realm.java:337) [org.eclipse.core.databinding.observable_1.5.0.v20150422-0725.jar:na]
	at org.eclipse.ui.internal.Workbench.createAndRunWorkbench(Workbench.java:598) [org.eclipse.ui.workbench_3.107.0.v20150825-2206.jar:na]
	at org.eclipse.ui.PlatformUI.createAndRunWorkbench(PlatformUI.java:150) [org.eclipse.ui.workbench_3.107.0.v20150825-2206.jar:na]
	at org.eclipse.ui.internal.ide.application.IDEApplication.start(IDEApplication.java:139) [org.eclipse.ui.ide.application_1.1.0.v20150422-0725.jar:na]
	at org.eclipse.equinox.internal.app.EclipseAppHandle.run(EclipseAppHandle.java:196) [org.eclipse.equinox.app_1.3.300.v20150423-1356.jar:na]
	at org.eclipse.core.runtime.internal.adaptor.EclipseAppLauncher.runApplication(EclipseAppLauncher.java:134) [org.eclipse.osgi_3.10.101.v20150820-1432.jar:na]
	at org.eclipse.core.runtime.internal.adaptor.EclipseAppLauncher.start(EclipseAppLauncher.java:104) [org.eclipse.osgi_3.10.101.v20150820-1432.jar:na]
	at org.eclipse.core.runtime.adaptor.EclipseStarter.run(EclipseStarter.java:380) [org.eclipse.osgi_3.10.101.v20150820-1432.jar:na]
	at org.eclipse.core.runtime.adaptor.EclipseStarter.run(EclipseStarter.java:235) [org.eclipse.osgi_3.10.101.v20150820-1432.jar:na]
	at sun.reflect.NativeMethodAccessorImpl.invoke0(Native Method) ~[na:1.8.0_161]
	at sun.reflect.NativeMethodAccessorImpl.invoke(Unknown Source) ~[na:1.8.0_161]
	at sun.reflect.DelegatingMethodAccessorImpl.invoke(Unknown Source) ~[na:1.8.0_161]
	at java.lang.reflect.Method.invoke(Unknown Source) ~[na:1.8.0_161]
	at org.eclipse.equinox.launcher.Main.invokeFramework(Main.java:669) [org.eclipse.equinox.launcher_1.3.100.v20150511-1540.jar:na]
	at org.eclipse.equinox.launcher.Main.basicRun(Main.java:608) [org.eclipse.equinox.launcher_1.3.100.v20150511-1540.jar:na]
	at org.eclipse.equinox.launcher.Main.run(Main.java:1515) [org.eclipse.equinox.launcher_1.3.100.v20150511-1540.jar:na]
2018-02-13 12:36:55,668 [main] ERROR o.e.m.w.i.WTPResourcesContentProvider - Error getting pipelined children
org.eclipse.core.internal.resources.ResourceException: Resource '/SqAdapterCloud' does not exist.
	at org.eclipse.core.internal.resources.Resource.checkExists(Resource.java:334) ~[na:na]
	at org.eclipse.core.internal.resources.Resource.checkAccessible(Resource.java:208) ~[na:na]
	at org.eclipse.core.internal.resources.Project.checkAccessible(Project.java:140) ~[na:na]
	at org.eclipse.core.internal.resources.Project.hasNature(Project.java:526) ~[na:na]
	at org.eclipse.m2e.wtp.internal.WTPResourcesContentProvider.getPipelinedChildren(WTPResourcesContentProvider.java:74) ~[na:na]
	at org.eclipse.ui.internal.navigator.extensions.SafeDelegateTreeContentProvider.getPipelinedChildren(SafeDelegateTreeContentProvider.java:172) [org.eclipse.ui.navigator_3.6.0.v20150422-0725.jar:na]
	at org.eclipse.ui.internal.navigator.NavigatorContentServiceContentProvider.pipelineChildren(NavigatorContentServiceContentProvider.java:212) [org.eclipse.ui.navigator_3.6.0.v20150422-0725.jar:na]
	at org.eclipse.ui.internal.navigator.NavigatorContentServiceContentProvider.access$1(NavigatorContentServiceContentProvider.java:198) [org.eclipse.ui.navigator_3.6.0.v20150422-0725.jar:na]
	at org.eclipse.ui.internal.navigator.NavigatorContentServiceContentProvider$1.run(NavigatorContentServiceContentProvider.java:166) [org.eclipse.ui.navigator_3.6.0.v20150422-0725.jar:na]
	at org.eclipse.core.runtime.SafeRunner.run(SafeRunner.java:42) [org.eclipse.equinox.common_3.7.0.v20150402-1709.jar:na]
	at org.eclipse.ui.internal.navigator.NavigatorContentServiceContentProvider.internalGetChildren(NavigatorContentServiceContentProvider.java:143) [org.eclipse.ui.navigator_3.6.0.v20150422-0725.jar:na]
	at org.eclipse.ui.internal.navigator.NavigatorContentServiceContentProvider.getChildren(NavigatorContentServiceContentProvider.java:129) [org.eclipse.ui.navigator_3.6.0.v20150422-0725.jar:na]
	at org.eclipse.jface.viewers.AbstractTreeViewer.getRawChildren(AbstractTreeViewer.java:1365) [org.eclipse.jface_3.11.0.v20150602-1400.jar:na]
	at org.eclipse.jface.viewers.TreeViewer.getRawChildren(TreeViewer.java:353) [org.eclipse.jface_3.11.0.v20150602-1400.jar:na]
	at org.eclipse.jface.viewers.StructuredViewer.getFilteredChildren(StructuredViewer.java:906) [org.eclipse.jface_3.11.0.v20150602-1400.jar:na]
	at org.eclipse.jface.viewers.AbstractTreeViewer.getSortedChildren(AbstractTreeViewer.java:617) [org.eclipse.jface_3.11.0.v20150602-1400.jar:na]
	at org.eclipse.jface.viewers.AbstractTreeViewer$1.run(AbstractTreeViewer.java:813) [org.eclipse.jface_3.11.0.v20150602-1400.jar:na]
	at org.eclipse.swt.custom.BusyIndicator.showWhile(BusyIndicator.java:70) [org.eclipse.swt.win32.win32.x86_64_3.104.1.v20150825-0743.jar:na]
	at org.eclipse.jface.viewers.AbstractTreeViewer.createChildren(AbstractTreeViewer.java:791) [org.eclipse.jface_3.11.0.v20150602-1400.jar:na]
	at org.eclipse.jface.viewers.TreeViewer.createChildren(TreeViewer.java:611) [org.eclipse.jface_3.11.0.v20150602-1400.jar:na]
	at org.eclipse.jface.viewers.AbstractTreeViewer.createChildren(AbstractTreeViewer.java:762) [org.eclipse.jface_3.11.0.v20150602-1400.jar:na]
	at org.eclipse.jface.viewers.AbstractTreeViewer.setExpandedState(AbstractTreeViewer.java:2500) [org.eclipse.jface_3.11.0.v20150602-1400.jar:na]
	at org.eclipse.wst.jsdt.internal.ui.navigator.OpenAndExpand.expand(OpenAndExpand.java:260) [org.eclipse.wst.jsdt.ui_1.1.601.v201512010225.jar:na]
	at org.eclipse.wst.jsdt.internal.ui.navigator.OpenAndExpand.run(OpenAndExpand.java:46) [org.eclipse.wst.jsdt.ui_1.1.601.v201512010225.jar:na]
	at org.eclipse.ui.actions.RetargetAction.run(RetargetAction.java:229) [org.eclipse.ui.workbench_3.107.0.v20150825-2206.jar:na]
	at org.eclipse.ui.navigator.CommonNavigatorManager$2.open(CommonNavigatorManager.java:191) [org.eclipse.ui.navigator_3.6.0.v20150422-0725.jar:na]
	at org.eclipse.ui.OpenAndLinkWithEditorHelper$InternalListener.open(OpenAndLinkWithEditorHelper.java:48) [org.eclipse.ui.workbench_3.107.0.v20150825-2206.jar:na]
	at org.eclipse.jface.viewers.StructuredViewer$2.run(StructuredViewer.java:854) [org.eclipse.jface_3.11.0.v20150602-1400.jar:na]
	at org.eclipse.core.runtime.SafeRunner.run(SafeRunner.java:42) [org.eclipse.equinox.common_3.7.0.v20150402-1709.jar:na]
	at org.eclipse.ui.internal.JFaceUtil$1.run(JFaceUtil.java:50) [org.eclipse.ui.workbench_3.107.0.v20150825-2206.jar:na]
	at org.eclipse.jface.util.SafeRunnable.run(SafeRunnable.java:173) [org.eclipse.jface_3.11.0.v20150602-1400.jar:na]
	at org.eclipse.jface.viewers.StructuredViewer.fireOpen(StructuredViewer.java:851) [org.eclipse.jface_3.11.0.v20150602-1400.jar:na]
	at org.eclipse.jface.viewers.StructuredViewer.handleOpen(StructuredViewer.java:1168) [org.eclipse.jface_3.11.0.v20150602-1400.jar:na]
	at org.eclipse.ui.navigator.CommonViewer.handleOpen(CommonViewer.java:449) [org.eclipse.ui.navigator_3.6.0.v20150422-0725.jar:na]
	at org.eclipse.jface.viewers.StructuredViewer$6.handleOpen(StructuredViewer.java:1275) [org.eclipse.jface_3.11.0.v20150602-1400.jar:na]
	at org.eclipse.jface.util.OpenStrategy.fireOpenEvent(OpenStrategy.java:278) [org.eclipse.jface_3.11.0.v20150602-1400.jar:na]
	at org.eclipse.jface.util.OpenStrategy.access$2(OpenStrategy.java:272) [org.eclipse.jface_3.11.0.v20150602-1400.jar:na]
	at org.eclipse.jface.util.OpenStrategy$1.handleEvent(OpenStrategy.java:313) [org.eclipse.jface_3.11.0.v20150602-1400.jar:na]
	at org.eclipse.swt.widgets.EventTable.sendEvent(EventTable.java:84) [org.eclipse.swt.win32.win32.x86_64_3.104.1.v20150825-0743.jar:na]
	at org.eclipse.swt.widgets.Display.sendEvent(Display.java:4362) [org.eclipse.swt.win32.win32.x86_64_3.104.1.v20150825-0743.jar:na]
	at org.eclipse.swt.widgets.Widget.sendEvent(Widget.java:1113) [org.eclipse.swt.win32.win32.x86_64_3.104.1.v20150825-0743.jar:na]
	at org.eclipse.swt.widgets.Display.runDeferredEvents(Display.java:4180) [org.eclipse.swt.win32.win32.x86_64_3.104.1.v20150825-0743.jar:na]
	at org.eclipse.swt.widgets.Display.readAndDispatch(Display.java:3769) [org.eclipse.swt.win32.win32.x86_64_3.104.1.v20150825-0743.jar:na]
	at org.eclipse.e4.ui.internal.workbench.swt.PartRenderingEngine$4.run(PartRenderingEngine.java:1127) [org.eclipse.e4.ui.workbench.swt_0.13.0.v20150504-0621.jar:na]
	at org.eclipse.core.databinding.observable.Realm.runWithDefault(Realm.java:337) [org.eclipse.core.databinding.observable_1.5.0.v20150422-0725.jar:na]
	at org.eclipse.e4.ui.internal.workbench.swt.PartRenderingEngine.run(PartRenderingEngine.java:1018) [org.eclipse.e4.ui.workbench.swt_0.13.0.v20150504-0621.jar:na]
	at org.eclipse.e4.ui.internal.workbench.E4Workbench.createAndRunUI(E4Workbench.java:156) [org.eclipse.e4.ui.workbench_1.3.0.v20150531-1948.jar:na]
	at org.eclipse.ui.internal.Workbench$5.run(Workbench.java:654) [org.eclipse.ui.workbench_3.107.0.v20150825-2206.jar:na]
	at org.eclipse.core.databinding.observable.Realm.runWithDefault(Realm.java:337) [org.eclipse.core.databinding.observable_1.5.0.v20150422-0725.jar:na]
	at org.eclipse.ui.internal.Workbench.createAndRunWorkbench(Workbench.java:598) [org.eclipse.ui.workbench_3.107.0.v20150825-2206.jar:na]
	at org.eclipse.ui.PlatformUI.createAndRunWorkbench(PlatformUI.java:150) [org.eclipse.ui.workbench_3.107.0.v20150825-2206.jar:na]
	at org.eclipse.ui.internal.ide.application.IDEApplication.start(IDEApplication.java:139) [org.eclipse.ui.ide.application_1.1.0.v20150422-0725.jar:na]
	at org.eclipse.equinox.internal.app.EclipseAppHandle.run(EclipseAppHandle.java:196) [org.eclipse.equinox.app_1.3.300.v20150423-1356.jar:na]
	at org.eclipse.core.runtime.internal.adaptor.EclipseAppLauncher.runApplication(EclipseAppLauncher.java:134) [org.eclipse.osgi_3.10.101.v20150820-1432.jar:na]
	at org.eclipse.core.runtime.internal.adaptor.EclipseAppLauncher.start(EclipseAppLauncher.java:104) [org.eclipse.osgi_3.10.101.v20150820-1432.jar:na]
	at org.eclipse.core.runtime.adaptor.EclipseStarter.run(EclipseStarter.java:380) [org.eclipse.osgi_3.10.101.v20150820-1432.jar:na]
	at org.eclipse.core.runtime.adaptor.EclipseStarter.run(EclipseStarter.java:235) [org.eclipse.osgi_3.10.101.v20150820-1432.jar:na]
	at sun.reflect.NativeMethodAccessorImpl.invoke0(Native Method) ~[na:1.8.0_161]
	at sun.reflect.NativeMethodAccessorImpl.invoke(Unknown Source) ~[na:1.8.0_161]
	at sun.reflect.DelegatingMethodAccessorImpl.invoke(Unknown Source) ~[na:1.8.0_161]
	at java.lang.reflect.Method.invoke(Unknown Source) ~[na:1.8.0_161]
	at org.eclipse.equinox.launcher.Main.invokeFramework(Main.java:669) [org.eclipse.equinox.launcher_1.3.100.v20150511-1540.jar:na]
	at org.eclipse.equinox.launcher.Main.basicRun(Main.java:608) [org.eclipse.equinox.launcher_1.3.100.v20150511-1540.jar:na]
	at org.eclipse.equinox.launcher.Main.run(Main.java:1515) [org.eclipse.equinox.launcher_1.3.100.v20150511-1540.jar:na]
2018-02-14 07:31:50,108 [Worker-1] INFO  org.eclipse.jetty.util.log - Logging initialized @73567ms
2018-02-14 07:31:50,269 [Worker-1] INFO  org.eclipse.jetty.server.Server - jetty-9.2.13.v20150730
2018-02-14 07:31:50,304 [Worker-1] INFO  o.e.j.server.handler.ContextHandler - Started o.e.j.s.ServletContextHandler@26748fc2{/requests,null,AVAILABLE}
2018-02-14 07:31:50,721 [Worker-1] INFO  o.e.jetty.server.ServerConnector - Started ServerConnector@3f92c4a7{HTTP/1.1}{0.0.0.0:9988}
2018-02-14 07:31:50,722 [Worker-1] INFO  org.eclipse.jetty.server.Server - Started @74210ms
2018-02-14 07:31:50,768 [Worker-1] INFO  o.e.j.server.handler.ContextHandler - Started o.e.j.s.h.ContextHandler@41252de2{/dojoLib,file:/E:/EMADWorklight/dojoLib/toolkit/dojo/,AVAILABLE}
2018-02-14 07:37:24,119 [Worker-28] INFO  org.eclipse.jetty.server.Server - jetty-9.2.13.v20150730
2018-02-14 07:37:24,133 [Worker-28] INFO  o.e.jetty.server.ServerConnector - Started ServerConnector@26e0336b{HTTP/1.1}{0.0.0.0:56789}
2018-02-14 07:37:24,134 [Worker-28] INFO  org.eclipse.jetty.server.Server - Started @407623ms
2018-02-15 09:25:37,556 [Worker-6] INFO  org.eclipse.jetty.util.log - Logging initialized @36972ms
2018-02-15 09:25:37,790 [Worker-6] INFO  org.eclipse.jetty.server.Server - jetty-9.2.13.v20150730
2018-02-15 09:25:37,962 [Worker-6] INFO  o.e.jetty.server.ServerConnector - Started ServerConnector@6d491a34{HTTP/1.1}{0.0.0.0:58416}
2018-02-15 09:25:37,962 [Worker-6] INFO  org.eclipse.jetty.server.Server - Started @37407ms
2018-02-15 09:25:40,659 [Worker-1] INFO  org.eclipse.jetty.server.Server - jetty-9.2.13.v20150730
2018-02-15 09:25:40,737 [Worker-1] INFO  o.e.j.server.handler.ContextHandler - Started o.e.j.s.ServletContextHandler@ca2125d{/requests,null,AVAILABLE}
2018-02-15 09:25:40,799 [Worker-1] INFO  o.e.jetty.server.ServerConnector - Started ServerConnector@595e64bc{HTTP/1.1}{0.0.0.0:9988}
2018-02-15 09:25:40,799 [Worker-1] INFO  org.eclipse.jetty.server.Server - Started @40245ms
2018-02-15 09:25:40,909 [Worker-1] INFO  o.e.j.server.handler.ContextHandler - Started o.e.j.s.h.ContextHandler@4e5783dd{/dojoLib,file:/E:/EMADWorklight/dojoLib/toolkit/dojo/,AVAILABLE}
2018-02-18 20:05:30,933 [Worker-11] INFO  org.eclipse.jetty.util.log - Logging initialized @48240ms
2018-02-18 20:05:31,095 [Worker-11] INFO  org.eclipse.jetty.server.Server - jetty-9.2.13.v20150730
2018-02-18 20:05:31,126 [Worker-11] INFO  o.e.j.server.handler.ContextHandler - Started o.e.j.s.ServletContextHandler@2892fa25{/requests,null,AVAILABLE}
2018-02-18 20:05:31,151 [Worker-11] INFO  o.e.jetty.server.ServerConnector - Started ServerConnector@216b05ea{HTTP/1.1}{0.0.0.0:9988}
2018-02-18 20:05:31,151 [Worker-11] INFO  org.eclipse.jetty.server.Server - Started @48470ms
2018-02-18 20:05:31,219 [Worker-11] INFO  o.e.j.server.handler.ContextHandler - Started o.e.j.s.h.ContextHandler@71e0efa8{/dojoLib,file:/E:/EMADWorklight/dojoLib/toolkit/dojo/,AVAILABLE}
2018-02-18 23:09:41,653 [Worker-30] INFO  org.eclipse.jetty.server.Server - jetty-9.2.13.v20150730
2018-02-18 23:09:41,670 [Worker-30] INFO  o.e.jetty.server.ServerConnector - Started ServerConnector@5127f3a1{HTTP/1.1}{0.0.0.0:56181}
2018-02-18 23:09:41,671 [Worker-30] INFO  org.eclipse.jetty.server.Server - Started @11099027ms
2018-03-06 23:25:38,197 [Worker-1] INFO  org.eclipse.jetty.util.log - Logging initialized @49199ms
2018-03-06 23:25:38,603 [Worker-1] INFO  org.eclipse.jetty.server.Server - jetty-9.2.13.v20150730
2018-03-06 23:25:38,666 [Worker-1] INFO  o.e.j.server.handler.ContextHandler - Started o.e.j.s.ServletContextHandler@2a49a1f{/requests,null,AVAILABLE}
2018-03-06 23:25:38,728 [Worker-1] INFO  o.e.jetty.server.ServerConnector - Started ServerConnector@75f651d9{HTTP/1.1}{0.0.0.0:9988}
2018-03-06 23:25:38,728 [Worker-1] INFO  org.eclipse.jetty.server.Server - Started @49748ms
2018-03-06 23:25:38,900 [Worker-1] INFO  o.e.j.server.handler.ContextHandler - Started o.e.j.s.h.ContextHandler@2a61c86{/dojoLib,file:/E:/EMADWorklight/dojoLib/toolkit/dojo/,AVAILABLE}
2018-03-06 23:27:33,846 [Worker-17] INFO  org.eclipse.jetty.server.Server - jetty-9.2.13.v20150730
2018-03-06 23:27:33,856 [Worker-17] INFO  o.e.jetty.server.ServerConnector - Started ServerConnector@4aa6930c{HTTP/1.1}{0.0.0.0:51066}
2018-03-06 23:27:33,856 [Worker-17] INFO  org.eclipse.jetty.server.Server - Started @164871ms
2018-03-13 11:38:53,481 [Worker-20] INFO  org.eclipse.jetty.util.log - Logging initialized @88769ms
2018-03-13 11:38:53,997 [Worker-20] INFO  org.eclipse.jetty.server.Server - jetty-9.2.13.v20150730
2018-03-13 11:38:54,341 [Worker-20] INFO  o.e.jetty.server.ServerConnector - Started ServerConnector@7678ca8{HTTP/1.1}{0.0.0.0:51571}
2018-03-13 11:38:54,342 [Worker-20] INFO  org.eclipse.jetty.server.Server - Started @89672ms
2018-03-14 07:43:30,922 [Worker-20] INFO  org.eclipse.jetty.util.log - Logging initialized @503484ms
2018-03-14 07:43:31,031 [Worker-20] INFO  org.eclipse.jetty.server.Server - jetty-9.2.13.v20150730
2018-03-14 07:43:31,172 [Worker-20] INFO  o.e.jetty.server.ServerConnector - Started ServerConnector@7547ec45{HTTP/1.1}{0.0.0.0:49485}
2018-03-14 07:43:31,173 [Worker-20] INFO  org.eclipse.jetty.server.Server - Started @503762ms
2018-03-14 07:49:16,626 [Worker-13] INFO  org.eclipse.jetty.server.Server - jetty-9.2.13.v20150730
2018-03-14 07:49:16,819 [Worker-13] INFO  o.e.j.server.handler.ContextHandler - Started o.e.j.s.ServletContextHandler@6d826598{/requests,null,AVAILABLE}
2018-03-14 07:49:16,880 [Worker-13] INFO  o.e.jetty.server.ServerConnector - Started ServerConnector@15931f10{HTTP/1.1}{0.0.0.0:9988}
2018-03-14 07:49:16,880 [Worker-13] INFO  org.eclipse.jetty.server.Server - Started @849469ms
2018-03-14 07:49:17,030 [Worker-13] INFO  o.e.j.server.handler.ContextHandler - Started o.e.j.s.h.ContextHandler@41ff7627{/dojoLib,file:/E:/EMADWorklight/dojoLib/toolkit/dojo/,AVAILABLE}
2018-03-15 09:42:54,889 [Worker-3] INFO  org.eclipse.jetty.util.log - Logging initialized @46158ms
2018-03-15 09:42:55,574 [Worker-3] INFO  org.eclipse.jetty.server.Server - jetty-9.2.13.v20150730
2018-03-15 09:42:56,389 [Worker-3] INFO  o.e.jetty.server.ServerConnector - Started ServerConnector@44548e34{HTTP/1.1}{0.0.0.0:56086}
2018-03-15 09:42:56,389 [Worker-3] INFO  org.eclipse.jetty.server.Server - Started @47693ms
2018-03-20 11:40:35,505 [Worker-0] INFO  org.eclipse.jetty.util.log - Logging initialized @43407ms
2018-03-20 11:40:36,141 [Worker-0] INFO  org.eclipse.jetty.server.Server - jetty-9.2.13.v20150730
2018-03-20 11:40:37,648 [Worker-0] INFO  o.e.jetty.server.ServerConnector - Started ServerConnector@5ba95d32{HTTP/1.1}{0.0.0.0:6978}
2018-03-20 11:40:37,649 [Worker-0] INFO  org.eclipse.jetty.server.Server - Started @45574ms
2018-03-20 11:59:25,458 [Worker-16] INFO  org.eclipse.jetty.server.Server - jetty-9.2.13.v20150730
2018-03-20 11:59:25,552 [Worker-16] INFO  o.e.j.server.handler.ContextHandler - Started o.e.j.s.ServletContextHandler@5b59f0b5{/requests,null,AVAILABLE}
2018-03-20 11:59:25,555 [Worker-16] INFO  o.e.jetty.server.ServerConnector - Started ServerConnector@c2cd764{HTTP/1.1}{0.0.0.0:9988}
2018-03-20 11:59:25,556 [Worker-16] INFO  org.eclipse.jetty.server.Server - Started @1173482ms
2018-03-20 11:59:25,618 [Worker-16] INFO  o.e.j.server.handler.ContextHandler - Started o.e.j.s.h.ContextHandler@d5a8278{/dojoLib,file:/E:/EMADWorklight/dojoLib/toolkit/dojo/,AVAILABLE}
2018-03-21 07:41:52,074 [Worker-4] INFO  org.eclipse.jetty.util.log - Logging initialized @48961ms
2018-03-21 07:41:52,653 [Worker-4] INFO  org.eclipse.jetty.server.Server - jetty-9.2.13.v20150730
2018-03-21 07:41:54,684 [Worker-4] INFO  o.e.jetty.server.ServerConnector - Started ServerConnector@28c08b6e{HTTP/1.1}{0.0.0.0:17195}
2018-03-21 07:41:54,699 [Worker-4] INFO  org.eclipse.jetty.server.Server - Started @51642ms
2018-03-21 08:33:29,566 [Worker-36] INFO  org.eclipse.jetty.server.Server - jetty-9.2.13.v20150730
2018-03-21 08:33:29,585 [Worker-36] INFO  o.e.j.server.handler.ContextHandler - Started o.e.j.s.ServletContextHandler@3512cb48{/requests,null,AVAILABLE}
2018-03-21 08:33:29,593 [Worker-36] INFO  o.e.jetty.server.ServerConnector - Started ServerConnector@59c9efcb{HTTP/1.1}{0.0.0.0:9988}
2018-03-21 08:33:29,593 [Worker-36] INFO  org.eclipse.jetty.server.Server - Started @3146536ms
2018-03-21 08:33:29,613 [Worker-36] INFO  o.e.j.server.handler.ContextHandler - Started o.e.j.s.h.ContextHandler@fab7e73{/dojoLib,file:/E:/EMADWorklight/dojoLib/toolkit/dojo/,AVAILABLE}
2018-03-22 09:34:50,483 [Worker-1] INFO  org.eclipse.jetty.util.log - Logging initialized @66752ms
2018-03-22 09:34:51,234 [Worker-1] INFO  org.eclipse.jetty.server.Server - jetty-9.2.13.v20150730
2018-03-22 09:34:52,406 [Worker-1] INFO  o.e.jetty.server.ServerConnector - Started ServerConnector@67494794{HTTP/1.1}{0.0.0.0:29178}
2018-03-22 09:34:52,406 [Worker-1] INFO  org.eclipse.jetty.server.Server - Started @68695ms
2018-03-22 09:35:06,911 [Worker-4] INFO  org.eclipse.jetty.server.Server - jetty-9.2.13.v20150730
2018-03-22 09:35:06,922 [Worker-4] INFO  o.e.j.server.handler.ContextHandler - Started o.e.j.s.ServletContextHandler@6549fb53{/requests,null,AVAILABLE}
2018-03-22 09:35:06,926 [Worker-4] INFO  o.e.jetty.server.ServerConnector - Started ServerConnector@4213c6f9{HTTP/1.1}{0.0.0.0:9988}
2018-03-22 09:35:06,927 [Worker-4] INFO  org.eclipse.jetty.server.Server - Started @83214ms
2018-03-22 09:35:07,079 [Worker-4] INFO  o.e.j.server.handler.ContextHandler - Started o.e.j.s.h.ContextHandler@3ac8aa2d{/dojoLib,file:/E:/EMADWorklight/dojoLib/toolkit/dojo/,AVAILABLE}
2018-03-27 12:27:22,302 [Worker-4] INFO  org.eclipse.jetty.util.log - Logging initialized @41561ms
2018-03-27 12:27:22,882 [Worker-4] INFO  org.eclipse.jetty.server.Server - jetty-9.2.13.v20150730
2018-03-27 12:27:23,748 [Worker-4] INFO  o.e.jetty.server.ServerConnector - Started ServerConnector@2a38e1d5{HTTP/1.1}{0.0.0.0:44883}
2018-03-27 12:27:23,750 [Worker-4] INFO  org.eclipse.jetty.server.Server - Started @43029ms
2018-03-27 12:27:34,024 [Worker-3] INFO  org.eclipse.jetty.server.Server - jetty-9.2.13.v20150730
2018-03-27 12:27:34,035 [Worker-3] INFO  o.e.j.server.handler.ContextHandler - Started o.e.j.s.ServletContextHandler@2467735e{/requests,null,AVAILABLE}
2018-03-27 12:27:34,042 [Worker-3] INFO  o.e.jetty.server.ServerConnector - Started ServerConnector@59a70de9{HTTP/1.1}{0.0.0.0:9988}
2018-03-27 12:27:34,043 [Worker-3] INFO  org.eclipse.jetty.server.Server - Started @53321ms
2018-03-27 12:27:34,083 [Worker-3] INFO  o.e.j.server.handler.ContextHandler - Started o.e.j.s.h.ContextHandler@264b659f{/dojoLib,file:/E:/EMADWorklight/dojoLib/toolkit/dojo/,AVAILABLE}
2018-03-28 07:39:59,879 [Worker-5] INFO  org.eclipse.jetty.util.log - Logging initialized @41411ms
2018-03-28 07:40:00,803 [Worker-5] INFO  org.eclipse.jetty.server.Server - jetty-9.2.13.v20150730
2018-03-28 07:40:01,654 [Worker-5] INFO  o.e.jetty.server.ServerConnector - Started ServerConnector@7e50b5d9{HTTP/1.1}{0.0.0.0:3597}
2018-03-28 07:40:01,662 [Worker-5] INFO  org.eclipse.jetty.server.Server - Started @43208ms
2018-03-29 09:38:30,198 [Worker-3] INFO  org.eclipse.jetty.util.log - Logging initialized @57374ms
2018-03-29 09:38:30,642 [Worker-3] INFO  org.eclipse.jetty.server.Server - jetty-9.2.13.v20150730
2018-03-29 09:38:31,655 [Worker-3] INFO  o.e.jetty.server.ServerConnector - Started ServerConnector@29245dcf{HTTP/1.1}{0.0.0.0:25507}
2018-03-29 09:38:31,655 [Worker-3] INFO  org.eclipse.jetty.server.Server - Started @58902ms
2018-03-29 09:59:27,748 [Worker-35] INFO  org.eclipse.jetty.server.Server - jetty-9.2.13.v20150730
2018-03-29 09:59:27,780 [Worker-35] INFO  o.e.j.server.handler.ContextHandler - Started o.e.j.s.ServletContextHandler@f771840{/requests,null,AVAILABLE}
2018-03-29 09:59:27,823 [Worker-35] INFO  o.e.jetty.server.ServerConnector - Started ServerConnector@1e23ac35{HTTP/1.1}{0.0.0.0:9988}
2018-03-29 09:59:27,823 [Worker-35] INFO  org.eclipse.jetty.server.Server - Started @1315060ms
2018-03-29 09:59:27,849 [Worker-35] INFO  o.e.j.server.handler.ContextHandler - Started o.e.j.s.h.ContextHandler@3e1bf95a{/dojoLib,file:/E:/EMADWorklight/dojoLib/toolkit/dojo/,AVAILABLE}
2018-04-03 11:35:45,869 [Worker-6] INFO  org.eclipse.jetty.util.log - Logging initialized @65006ms
2018-04-03 11:35:46,318 [Worker-6] INFO  org.eclipse.jetty.server.Server - jetty-9.2.13.v20150730
2018-04-03 11:35:46,390 [Worker-6] INFO  o.e.j.server.handler.ContextHandler - Started o.e.j.s.ServletContextHandler@61f86d07{/requests,null,AVAILABLE}
2018-04-03 11:35:46,850 [Worker-6] INFO  o.e.jetty.server.ServerConnector - Started ServerConnector@5ee5f25b{HTTP/1.1}{0.0.0.0:9988}
2018-04-03 11:35:46,850 [Worker-6] INFO  org.eclipse.jetty.server.Server - Started @66016ms
2018-04-03 11:35:46,942 [Worker-6] INFO  o.e.j.server.handler.ContextHandler - Started o.e.j.s.h.ContextHandler@2a9fb0d9{/dojoLib,file:/E:/EMADWorklight/dojoLib/toolkit/dojo/,AVAILABLE}
2018-04-03 11:37:31,333 [Worker-9] INFO  org.eclipse.jetty.server.Server - jetty-9.2.13.v20150730
2018-04-03 11:37:31,340 [Worker-9] INFO  o.e.jetty.server.ServerConnector - Started ServerConnector@29df74ec{HTTP/1.1}{0.0.0.0:18946}
2018-04-03 11:37:31,341 [Worker-9] INFO  org.eclipse.jetty.server.Server - Started @170504ms
2018-04-04 07:42:29,597 [Worker-0] INFO  org.eclipse.jetty.util.log - Logging initialized @71932ms
2018-04-04 07:42:29,971 [Worker-0] INFO  org.eclipse.jetty.server.Server - jetty-9.2.13.v20150730
2018-04-04 07:42:30,028 [Worker-0] INFO  o.e.j.server.handler.ContextHandler - Started o.e.j.s.ServletContextHandler@5bf7a57f{/requests,null,AVAILABLE}
2018-04-04 07:42:30,383 [Worker-0] INFO  o.e.jetty.server.ServerConnector - Started ServerConnector@5c8566f2{HTTP/1.1}{0.0.0.0:9988}
2018-04-04 07:42:30,385 [Worker-0] INFO  org.eclipse.jetty.server.Server - Started @72757ms
2018-04-04 07:42:30,487 [Worker-0] INFO  o.e.j.server.handler.ContextHandler - Started o.e.j.s.h.ContextHandler@e841145{/dojoLib,file:/E:/EMADWorklight/dojoLib/toolkit/dojo/,AVAILABLE}
2018-04-04 08:04:53,633 [Worker-6] INFO  org.eclipse.jetty.server.Server - jetty-9.2.13.v20150730
2018-04-04 08:04:53,639 [Worker-6] INFO  o.e.jetty.server.ServerConnector - Started ServerConnector@23c5abaa{HTTP/1.1}{0.0.0.0:37901}
2018-04-04 08:04:53,639 [Worker-6] INFO  org.eclipse.jetty.server.Server - Started @1416012ms
